<?xml version="1.0" encoding="UTF-8"?>
<testsuite name="package1.AppTest" tests="1" skipped="0" failures="0" errors="0" timestamp="2021-04-14T07:26:37" hostname="DESKTOP-FOEO8T6" time="0.012">
  <properties/>
  <testcase name="appHasAGreeting()" classname="package1.AppTest" time="0.012"/>
  <system-out><![CDATA[]]></system-out>
  <system-err><![CDATA[]]></system-err>
</testsuite>
